<?xml version="1.0" encoding="UTF-8"?>
<testsuite name="diehard.WarenkorbTest" tests="6" skipped="0" failures="0" errors="0" timestamp="2020-10-07T19:01:50" hostname="lenovo" time="0.201">
  <properties/>
  <testcase name="test_isLeer_true()" classname="diehard.WarenkorbTest" time="0.141"/>
  <testcase name="test_getAllTeile()" classname="diehard.WarenkorbTest" time="0.016"/>
  <testcase name="test_instanziirung_warenkorb_mit_101_Exemplare_pro_Teil()" classname="diehard.WarenkorbTest" time="0.015"/>
  <testcase name="test_isLeer_false()" classname="diehard.WarenkorbTest" time="0.002"/>
  <testcase name="test_instanziirung_warenkorb_mit_negarivenZahlen()" classname="diehard.WarenkorbTest" time="0.004"/>
  <testcase name="test_if_warenkorb_is_korrekt_instanziiert()" classname="diehard.WarenkorbTest" time="0.006"/>
  <system-out><![CDATA[]]></system-out>
  <system-err><![CDATA[]]></system-err>
</testsuite>
