<?xml version="1.0" encoding="UTF-8"?>
<testsuite name="logik.JunktorenTest" tests="18" skipped="1" failures="0" errors="0" timestamp="2020-11-25T20:46:39" hostname="lenovo" time="0.074">
  <properties/>
  <testcase name="test_or_a_wahr_b_falsch()" classname="logik.JunktorenTest" time="0.003"/>
  <testcase name="test_nand_beide_wahr()" classname="logik.JunktorenTest" time="0.0">
    <skipped/>
  </testcase>
  <testcase name="test_implies_beide_wahr()" classname="logik.JunktorenTest" time="0.002"/>
  <testcase name="test_nand_a_falsch_b_wahr()" classname="logik.JunktorenTest" time="0.002"/>
  <testcase name="test_or_a_falsch_b_wahr()" classname="logik.JunktorenTest" time="0.002"/>
  <testcase name="test_nand_beide_falsch()" classname="logik.JunktorenTest" time="0.002"/>
  <testcase name="test_1_parameter_is_null()" classname="logik.JunktorenTest" time="0.003"/>
  <testcase name="test_implies_a_wahr_b_falsch()" classname="logik.JunktorenTest" time="0.001"/>
  <testcase name="test_or_beide_falsch()" classname="logik.JunktorenTest" time="0.002"/>
  <testcase name="test_or_beide_wahr()" classname="logik.JunktorenTest" time="0.001"/>
  <testcase name="test_and_beide_wahr()" classname="logik.JunktorenTest" time="0.002"/>
  <testcase name="test_implies_beide_falsch()" classname="logik.JunktorenTest" time="0.002"/>
  <testcase name="test_implies_a_falsch_b_wahr()" classname="logik.JunktorenTest" time="0.002"/>
  <testcase name="test_both_parameters_are_null()" classname="logik.JunktorenTest" time="0.004"/>
  <testcase name="test_and_a_wahr_b_falsch()" classname="logik.JunktorenTest" time="0.003"/>
  <testcase name="test_and_a_falsch_b_wahr()" classname="logik.JunktorenTest" time="0.002"/>
  <testcase name="test_and_beide_falsch()" classname="logik.JunktorenTest" time="0.002"/>
  <testcase name="test_nand_a_wahr_b_falsch()" classname="logik.JunktorenTest" time="0.002"/>
  <system-out><![CDATA[]]></system-out>
  <system-err><![CDATA[]]></system-err>
</testsuite>
