<?xml version="1.0" encoding="UTF-8"?>
<testsuite name="diehard.DieHardSaleTest" tests="8" skipped="0" failures="0" errors="0" timestamp="2020-11-25T20:46:39" hostname="lenovo" time="0.046">
  <properties/>
  <testcase name="test_berechne_summe_2xTeil1_Teil2()" classname="diehard.DieHardSaleTest" time="0.011"/>
  <testcase name="test_berechne_summe_2xTeil1()" classname="diehard.DieHardSaleTest" time="0.003"/>
  <testcase name="test_berechne_summe_Teil1_Teil2()" classname="diehard.DieHardSaleTest" time="0.003"/>
  <testcase name="test_berechneSumme_für_leeren_warenkorb()" classname="diehard.DieHardSaleTest" time="0.003"/>
  <testcase name="test_berechne_summe_Teil1_Teil2_Teil3_Teil4_teil5()" classname="diehard.DieHardSaleTest" time="0.002"/>
  <testcase name="test_berechne_summe_2xTeil1_2xTeil2()" classname="diehard.DieHardSaleTest" time="0.002"/>
  <testcase name="test_berechne_summe_Teil1_Teil2_Teil3_Teil4()" classname="diehard.DieHardSaleTest" time="0.002"/>
  <testcase name="test_berechneSumme_für_null_parameter()" classname="diehard.DieHardSaleTest" time="0.006"/>
  <system-out><![CDATA[]]></system-out>
  <system-err><![CDATA[]]></system-err>
</testsuite>
