<?xml version="1.0" encoding="UTF-8"?>
<testsuite name="diehard.DieHardSaleTest" tests="8" skipped="0" failures="0" errors="0" timestamp="2020-10-07T19:00:52" hostname="lenovo" time="0.018">
  <properties/>
  <testcase name="test_berechne_summe_2xTeil1_Teil2()" classname="diehard.DieHardSaleTest" time="0.005"/>
  <testcase name="test_berechne_summe_2xTeil1()" classname="diehard.DieHardSaleTest" time="0.001"/>
  <testcase name="test_berechne_summe_Teil1_Teil2()" classname="diehard.DieHardSaleTest" time="0.001"/>
  <testcase name="test_berechneSumme_für_leeren_warenkorb()" classname="diehard.DieHardSaleTest" time="0.001"/>
  <testcase name="test_berechne_summe_Teil1_Teil2_Teil3_Teil4_teil5()" classname="diehard.DieHardSaleTest" time="0.0"/>
  <testcase name="test_berechne_summe_2xTeil1_2xTeil2()" classname="diehard.DieHardSaleTest" time="0.001"/>
  <testcase name="test_berechne_summe_Teil1_Teil2_Teil3_Teil4()" classname="diehard.DieHardSaleTest" time="0.0"/>
  <testcase name="test_berechneSumme_für_null_parameter()" classname="diehard.DieHardSaleTest" time="0.002"/>
  <system-out><![CDATA[]]></system-out>
  <system-err><![CDATA[]]></system-err>
</testsuite>
