<?xml version="1.0" encoding="UTF-8"?>
<testsuite name="arithmetik.MittelwertTest" tests="2" skipped="0" failures="0" errors="0" timestamp="2020-10-07T19:00:52" hostname="lenovo" time="0.004">
  <properties/>
  <testcase name="test_beide_gerade_zahlen()" classname="arithmetik.MittelwertTest" time="0.002"/>
  <testcase name="test_beide_ungerade_zahlen()" classname="arithmetik.MittelwertTest" time="0.001"/>
  <system-out><![CDATA[]]></system-out>
  <system-err><![CDATA[]]></system-err>
</testsuite>
