<?xml version="1.0" encoding="UTF-8"?>
<testsuite name="arithmetik.MittelwertTest" tests="3" skipped="0" failures="0" errors="0" timestamp="2020-11-25T20:46:39" hostname="lenovo" time="0.019">
  <properties/>
  <testcase name="test_beide_gerade_zahlen()" classname="arithmetik.MittelwertTest" time="0.005"/>
  <testcase name="test_beide_ungerade_zahlen()" classname="arithmetik.MittelwertTest" time="0.005"/>
  <testcase name="test_beide_zahlen_null()" classname="arithmetik.MittelwertTest" time="0.004"/>
  <system-out><![CDATA[Hi
]]></system-out>
  <system-err><![CDATA[]]></system-err>
</testsuite>
